22:15:17: task_worker.process_generate +16: INFO     Start generate task fd0d5eb9728149a4b91068013a0abb67
22:15:17: task_worker.main_loop +72: ERROR    Task fd0d5eb9728149a4b91068013a0abb67 failed
Traceback (most recent call last):
  File "/Users/youngwild/Dev/jingyuan/dockingVina/task_worker.py", line 67, in main_loop
    process_generate(task)
  File "/Users/youngwild/Dev/jingyuan/dockingVina/task_worker.py", line 24, in process_generate
    res = run_generate_runner(
  File "/Users/youngwild/Dev/jingyuan/dockingVina/utils/tools.py", line 57, in run_generate_runner
    runner = GenerateRunner(opt)
  File "/Users/youngwild/Dev/jingyuan/dockingVina/utils/generate.py", line 66, in __init__
    self.model = EncoderDecoder.load_from_file(file_name)
  File "/Users/youngwild/Dev/jingyuan/dockingVina/models/transformer/encode_decode/model.py", line 66, in load_from_file
    checkpoint = torch.load(file_path, map_location='cpu')
  File "/Users/youngwild/dev_tools/miniconda3/envs/dockingVina/lib/python3.10/site-packages/torch/serialization.py", line 1486, in load
    with _open_zipfile_reader(opened_file) as opened_zipfile:
  File "/Users/youngwild/dev_tools/miniconda3/envs/dockingVina/lib/python3.10/site-packages/torch/serialization.py", line 771, in __init__
    super().__init__(torch._C.PyTorchFileReader(name_or_buffer))
RuntimeError: PytorchStreamReader failed reading zip archive: failed finding central directory
22:55:20: task_worker.process_generate +16: INFO     Start generate task c73e56a6d57f4fb083f01398a1556eaf
22:55:26: task_worker.process_generate +35: INFO     Finished generate task c73e56a6d57f4fb083f01398a1556eaf
02:53:15: task_worker.process_generate +16: INFO     Start generate task 163abf92aefe47ae9323bd4078e83664
02:53:17: task_worker.process_generate +35: INFO     Finished generate task 163abf92aefe47ae9323bd4078e83664
11:17:03: task_worker.process_generate +16: INFO     Start generate task ec86b1fd402a4291aa8a5d0bfd1bb1d0
11:17:13: task_worker.process_generate +35: INFO     Finished generate task ec86b1fd402a4291aa8a5d0bfd1bb1d0
11:31:08: task_worker.process_generate +16: INFO     Start generate task 234e1e8b0e5e450c8974d01490d1b799
11:31:14: task_worker.process_generate +35: INFO     Finished generate task 234e1e8b0e5e450c8974d01490d1b799
11:39:14: task_worker.process_generate +16: INFO     Start generate task cf703eb6718a4d9f9cc1b72ed3b7e5ff
11:39:16: task_worker.process_generate +35: INFO     Finished generate task cf703eb6718a4d9f9cc1b72ed3b7e5ff
11:43:17: task_worker.process_generate +16: INFO     Start generate task af7962222ce64ce38d00cbb6ca2fe50a
11:44:21: task_worker.process_generate +16: INFO     Start generate task 9574c84f2ae34a51ba8bfaa6547cb540
11:44:26: task_worker.process_generate +35: INFO     Finished generate task 9574c84f2ae34a51ba8bfaa6547cb540
11:50:27: task_worker.process_generate +16: INFO     Start generate task 0c4ca1cff32e4c42af6c6c970c1b7568
11:50:32: task_worker.process_generate +35: INFO     Finished generate task 0c4ca1cff32e4c42af6c6c970c1b7568
11:51:03: task_worker.process_generate +16: INFO     Start generate task 6ca41b7b8bd244179d623ff69228ee63
11:51:08: task_worker.process_generate +35: INFO     Finished generate task 6ca41b7b8bd244179d623ff69228ee63
12:05:55: task_worker.process_generate +16: INFO     Start generate task bcb4336c94934d83be758a33c1fbe6bc
12:06:00: task_worker.process_generate +35: INFO     Finished generate task bcb4336c94934d83be758a33c1fbe6bc
12:07:06: task_worker.process_generate +16: INFO     Start generate task 4d75391fe1244456b08d60ee47848e63
12:07:12: task_worker.process_generate +35: INFO     Finished generate task 4d75391fe1244456b08d60ee47848e63
12:07:38: task_worker.process_generate +16: INFO     Start generate task 60b864ed27a24d1da5295693fd9b48a8
12:07:43: task_worker.process_generate +35: INFO     Finished generate task 60b864ed27a24d1da5295693fd9b48a8
12:16:30: task_worker.process_generate +16: INFO     Start generate task ef69f5f0934e4a7d82b455cf296399fe
12:16:35: task_worker.process_generate +35: INFO     Finished generate task ef69f5f0934e4a7d82b455cf296399fe
12:21:46: task_worker.process_generate +16: INFO     Start generate task 4edb47cb488a489583508fb0ea92a62f
12:21:52: task_worker.process_generate +35: INFO     Finished generate task 4edb47cb488a489583508fb0ea92a62f
12:22:48: task_worker.process_generate +16: INFO     Start generate task 407bf48dbf3b457192b14a2f844cbb02
12:22:53: task_worker.process_generate +35: INFO     Finished generate task 407bf48dbf3b457192b14a2f844cbb02
12:23:09: task_worker.process_generate +16: INFO     Start generate task bca8439b3e6648489c3a13608cb596f1
12:23:13: task_worker.process_generate +35: INFO     Finished generate task bca8439b3e6648489c3a13608cb596f1
12:23:49: task_worker.process_generate +16: INFO     Start generate task b0a69f8a8d6c474485c23b7597b1c78c
12:23:54: task_worker.process_generate +35: INFO     Finished generate task b0a69f8a8d6c474485c23b7597b1c78c
12:26:20: task_worker.process_generate +16: INFO     Start generate task 97bbd1a5030c4e36aef75470b49b894a
12:26:26: task_worker.process_generate +35: INFO     Finished generate task 97bbd1a5030c4e36aef75470b49b894a
12:28:43: task_worker.process_generate +16: INFO     Start generate task e3c119bcd30945518b98036c18c1560d
12:28:47: task_worker.process_generate +35: INFO     Finished generate task e3c119bcd30945518b98036c18c1560d
21:19:02: task_worker.process_generate +16: INFO     Start generate task 5d320def9fad4c82974dfef8188beb0b
21:19:11: task_worker.process_generate +35: INFO     Finished generate task 5d320def9fad4c82974dfef8188beb0b
21:28:03: task_worker.process_generate +16: INFO     Start generate task 4c239275c8dd48c8aee84b9512ee1605
21:28:08: task_worker.process_generate +35: INFO     Finished generate task 4c239275c8dd48c8aee84b9512ee1605
21:30:00: task_worker.process_generate +16: INFO     Start generate task 51dd7f1f08f64536a54d6c75344d6786
21:30:05: task_worker.process_generate +35: INFO     Finished generate task 51dd7f1f08f64536a54d6c75344d6786
21:32:41: task_worker.process_generate +16: INFO     Start generate task 526f729efa3e4e16a467f0fb93c4462a
21:32:46: task_worker.process_generate +35: INFO     Finished generate task 526f729efa3e4e16a467f0fb93c4462a
21:37:27: task_worker.process_generate +16: INFO     Start generate task 8dcf3c64b78d4e42be44a5fb84ef5c21
21:37:35: task_worker.process_generate +35: INFO     Finished generate task 8dcf3c64b78d4e42be44a5fb84ef5c21
21:38:21: task_worker.process_generate +16: INFO     Start generate task 7caa112e73f74593a2d996ef2e6b9190
21:38:27: task_worker.process_generate +35: INFO     Finished generate task 7caa112e73f74593a2d996ef2e6b9190
21:51:20: task_worker.process_generate +16: INFO     Start generate task e731f5ecbe6645ef86cc38f5d04fa64c
21:51:31: task_worker.process_generate +35: INFO     Finished generate task e731f5ecbe6645ef86cc38f5d04fa64c
21:57:48: task_worker.process_generate +16: INFO     Start generate task 7a1058e3d04d47f7a9256ade4fdd9a04
21:57:55: task_worker.process_generate +35: INFO     Finished generate task 7a1058e3d04d47f7a9256ade4fdd9a04
00:35:17: task_worker.process_generate +16: INFO     Start generate task 3bc869dcc37449b7af8e29ca295d5801
00:35:17: task_worker.process_generate +35: INFO     Finished generate task 3bc869dcc37449b7af8e29ca295d5801
08:13:56: task_worker.process_generate +16: INFO     Start generate task 01235fdbd7e64c26b4b60fe6511a34ae
08:14:02: task_worker.process_generate +35: INFO     Finished generate task 01235fdbd7e64c26b4b60fe6511a34ae
08:50:42: task_worker.process_generate +16: INFO     Start generate task 1242701d16ca41f19800695c1fea145c
08:50:49: task_worker.process_generate +35: INFO     Finished generate task 1242701d16ca41f19800695c1fea145c
09:01:16: task_worker.process_generate +16: INFO     Start generate task f290269015c14e6cb6eceb6edbb5f5da
09:01:22: task_worker.process_generate +35: INFO     Finished generate task f290269015c14e6cb6eceb6edbb5f5da
09:04:04: task_worker.process_generate +16: INFO     Start generate task 81aa5d2ca28649fab650f83bed3a728c
09:04:10: task_worker.process_generate +35: INFO     Finished generate task 81aa5d2ca28649fab650f83bed3a728c
11:58:45: task_worker.process_generate +16: INFO     Start generate task 8c46e83762a940f78b7e5d57f8638d9f
11:59:00: task_worker.process_generate +35: INFO     Finished generate task 8c46e83762a940f78b7e5d57f8638d9f
20:39:42: task_worker.process_generate +16: INFO     Start generate task a37b5a12cd884b108692889c606cab37
20:40:11: task_worker.process_generate +35: INFO     Finished generate task a37b5a12cd884b108692889c606cab37
22:43:04: task_worker.process_generate +16: INFO     Start generate task 057abe8425ee43efb70f4c10f175dd8c
22:43:10: task_worker.process_generate +35: INFO     Finished generate task 057abe8425ee43efb70f4c10f175dd8c
22:50:53: task_worker.process_generate +16: INFO     Start generate task 0c786a041b7b48249f45f47b1d2678f3
22:50:58: task_worker.process_generate +35: INFO     Finished generate task 0c786a041b7b48249f45f47b1d2678f3
22:55:00: task_worker.process_generate +16: INFO     Start generate task 4f6becbd8a9542aeb765e3b9fca4b937
22:55:06: task_worker.process_generate +35: INFO     Finished generate task 4f6becbd8a9542aeb765e3b9fca4b937
09:42:23: task_worker.process_generate +16: INFO     Start generate task 05b41653200d43149686ecb80e91a713
09:42:38: task_worker.process_generate +35: INFO     Finished generate task 05b41653200d43149686ecb80e91a713
20:40:51: task_worker.process_generate +16: INFO     Start generate task 12c4f79d8a0e4345a49900f61583a08b
20:41:12: task_worker.process_generate +35: INFO     Finished generate task 12c4f79d8a0e4345a49900f61583a08b
21:43:40: task_worker.process_docking +39: INFO     Start docking task 314daeaeb9b443feb2897f846dda0fc3
21:57:15: task_worker.process_docking +39: INFO     Start docking task 1c3ece824f3d47a8a66adf8deae9dc53
22:05:38: task_worker.process_docking +39: INFO     Start docking task 60d32baeb0de42f08509f67d2bc15333
22:09:19: task_worker.process_docking +39: INFO     Start docking task c1157c25397040b387a5de85a0b50380
22:15:10: task_worker.process_docking +39: INFO     Start docking task 23c2a0fcdaf44b119b8af2593e6a1005
22:21:53: task_worker.process_docking +39: INFO     Start docking task bcfb88a39d0649a8b63aef4de51f9bc4
22:24:14: task_worker.process_docking +39: INFO     Start docking task 54528cc07cba455fb9960ffca507e5a2
22:30:10: task_worker.process_docking +39: INFO     Start docking task fa34347773574ec3bb30906e86c7d34c
22:30:59: task_worker.process_docking +39: INFO     Start docking task 4154e1d55eff4db9a41480747ce82c95
22:38:03: task_worker.process_docking +39: INFO     Start docking task 324ce55024e64c5ea30bc97dc14fe3f2
22:57:58: task_worker.process_docking +39: INFO     Start docking task ac60edc1864b464d86ab2336f327a90b
00:04:30: task_worker.process_docking +39: INFO     Start docking task 8fa481f2b1744dc4979f3b88ba220245
00:04:35: task_worker.main_loop +72: ERROR    Task 8fa481f2b1744dc4979f3b88ba220245 failed
Traceback (most recent call last):
  File "/Users/youngwild/Dev/jingyuan/dockingVina/task_worker.py", line 69, in main_loop
    process_docking(task)
  File "/Users/youngwild/Dev/jingyuan/dockingVina/task_worker.py", line 43, in process_docking
    run_dir = vina_docking_from_list(
  File "/Users/youngwild/Dev/jingyuan/dockingVina/Vina/vina_workflow.py", line 270, in vina_docking_from_list
    raise RuntimeError(f"在 {parent_path}/pdbqts 下未发现任何 .pdbqt 文件，可能生成步骤失败。")
RuntimeError: 在 /Users/youngwild/Dev/jingyuan/dockingVina/uploads/8bccfd71-cbce-4732-98f9-7859433a1427/384e8dd0e8824cb280be1591e7e5b528/pdbqts 下未发现任何 .pdbqt 文件，可能生成步骤失败。
00:06:26: task_worker.process_docking +39: INFO     Start docking task 27dc18d6c88b49539cf5191511ffa301
00:06:30: task_worker.main_loop +72: ERROR    Task 27dc18d6c88b49539cf5191511ffa301 failed
Traceback (most recent call last):
  File "/Users/youngwild/Dev/jingyuan/dockingVina/task_worker.py", line 69, in main_loop
    process_docking(task)
  File "/Users/youngwild/Dev/jingyuan/dockingVina/task_worker.py", line 43, in process_docking
    run_dir = vina_docking_from_list(
  File "/Users/youngwild/Dev/jingyuan/dockingVina/Vina/vina_workflow.py", line 270, in vina_docking_from_list
    raise RuntimeError(f"在 {parent_path}/pdbqts 下未发现任何 .pdbqt 文件，可能生成步骤失败。")
RuntimeError: 在 /Users/youngwild/Dev/jingyuan/dockingVina/uploads/8bccfd71-cbce-4732-98f9-7859433a1427/6bc16f58690f4956a98cffa00f2862b0/pdbqts 下未发现任何 .pdbqt 文件，可能生成步骤失败。
00:08:12: task_worker.process_docking +39: INFO     Start docking task dc2642d120ff48a899bad40eb06f2cde
00:08:16: task_worker.main_loop +72: ERROR    Task dc2642d120ff48a899bad40eb06f2cde failed
Traceback (most recent call last):
  File "/Users/youngwild/Dev/jingyuan/dockingVina/task_worker.py", line 69, in main_loop
    process_docking(task)
  File "/Users/youngwild/Dev/jingyuan/dockingVina/task_worker.py", line 43, in process_docking
    run_dir = vina_docking_from_list(
  File "/Users/youngwild/Dev/jingyuan/dockingVina/Vina/vina_workflow.py", line 270, in vina_docking_from_list
    raise RuntimeError(f"在 {parent_path}/pdbqts 下未发现任何 .pdbqt 文件，可能生成步骤失败。")
RuntimeError: 在 /Users/youngwild/Dev/jingyuan/dockingVina/uploads/8bccfd71-cbce-4732-98f9-7859433a1427/16c6753f13ed4d419dcff336fb692494/pdbqts 下未发现任何 .pdbqt 文件，可能生成步骤失败。
00:10:33: task_worker.process_docking +39: INFO     Start docking task 1d88bb1a324b4affa54b97935b3aaaf8
00:11:49: task_worker.process_docking +53: INFO     Finished docking task 1d88bb1a324b4affa54b97935b3aaaf8
00:31:32: task_worker.process_docking +39: INFO     Start docking task d632f1cd6c5a4665b24a247616056c91
00:32:17: task_worker.process_docking +53: INFO     Finished docking task d632f1cd6c5a4665b24a247616056c91
00:38:07: task_worker.process_docking +39: INFO     Start docking task 2cf0f3df8af44c92a791ce9eeeda420e
00:38:42: task_worker.process_docking +53: INFO     Finished docking task 2cf0f3df8af44c92a791ce9eeeda420e
00:54:09: task_worker.process_docking +39: INFO     Start docking task 107c4d85eb214048bd682a76978df39a
00:55:14: task_worker.process_docking +53: INFO     Finished docking task 107c4d85eb214048bd682a76978df39a
08:25:48: task_worker.process_docking +39: INFO     Start docking task 48b42271a79545409db5963c92e3e7e0
08:26:01: task_worker.main_loop +72: ERROR    Task 48b42271a79545409db5963c92e3e7e0 failed
Traceback (most recent call last):
  File "/Users/youngwild/Dev/jingyuan/dockingVina/task_worker.py", line 69, in main_loop
    process_docking(task)
  File "/Users/youngwild/Dev/jingyuan/dockingVina/task_worker.py", line 43, in process_docking
    run_dir = vina_docking_from_list(
  File "/Users/youngwild/Dev/jingyuan/dockingVina/Vina/vina_workflow.py", line 270, in vina_docking_from_list
    raise RuntimeError(f"在 {parent_path}/pdbqts 下未发现任何 .pdbqt 文件，可能生成步骤失败。")
RuntimeError: 在 /Users/youngwild/Dev/jingyuan/dockingVina/uploads/8bccfd71-cbce-4732-98f9-7859433a1427/b36f987278ef4d92a439a416f8989642/pdbqts 下未发现任何 .pdbqt 文件，可能生成步骤失败。
09:59:07: task_worker.process_docking +39: INFO     Start docking task ca4f2e9d212b47f1934acb3a046802e0
09:59:50: task_worker.process_docking +53: INFO     Finished docking task ca4f2e9d212b47f1934acb3a046802e0
10:25:49: task_worker.process_docking +39: INFO     Start docking task 6cdf8f73f05b4eb88a6590f55942d4ab
10:26:21: task_worker.process_docking +53: INFO     Finished docking task 6cdf8f73f05b4eb88a6590f55942d4ab
10:35:33: task_worker.process_docking +39: INFO     Start docking task d89c228c80fd4f009fef83db8be6fb88
10:35:59: task_worker.process_docking +53: INFO     Finished docking task d89c228c80fd4f009fef83db8be6fb88
10:37:40: task_worker.process_docking +39: INFO     Start docking task c72779425f1849dd9429ef82dcbf122e
10:39:04: task_worker.process_docking +53: INFO     Finished docking task c72779425f1849dd9429ef82dcbf122e
10:39:05: task_worker.process_docking +39: INFO     Start docking task 44d25c441a034afa95c29a5324418a8b
10:40:19: task_worker.process_docking +53: INFO     Finished docking task 44d25c441a034afa95c29a5324418a8b
10:40:20: task_worker.process_docking +39: INFO     Start docking task b1c12c988ee84d6a8b3440f3766d5626
10:41:15: task_worker.process_docking +53: INFO     Finished docking task b1c12c988ee84d6a8b3440f3766d5626
14:24:58: task_worker.process_docking +39: INFO     Start docking task 8978c565f6514ff4a5f8d13d413a17d6
14:25:36: task_worker.process_docking +53: INFO     Finished docking task 8978c565f6514ff4a5f8d13d413a17d6
22:14:59: task_worker.process_generate +16: INFO     Start generate task d9cba098622640149f1b50ce176c306a
22:14:59: task_worker.main_loop +72: ERROR    Task d9cba098622640149f1b50ce176c306a failed
Traceback (most recent call last):
  File "/Users/youngwild/Dev/jingyuan/dockingVina/task_worker.py", line 67, in main_loop
    process_generate(task)
  File "/Users/youngwild/Dev/jingyuan/dockingVina/task_worker.py", line 24, in process_generate
    res = run_generate_runner(
  File "/Users/youngwild/Dev/jingyuan/dockingVina/utils/tools.py", line 57, in run_generate_runner
    runner = GenerateRunner(opt)
  File "/Users/youngwild/Dev/jingyuan/dockingVina/utils/generate.py", line 58, in __init__
    with open(os.path.join(opt.vocab_path, 'vocab.pkl'), "rb") as input_file:
FileNotFoundError: [Errno 2] No such file or directory: './resource/vocab.pkl'
11:00:24: task_worker.process_generate +16: INFO     Start generate task 16965ad1d91149bda0dd39f8cdd09321
11:00:24: task_worker.main_loop +72: ERROR    Task 16965ad1d91149bda0dd39f8cdd09321 failed
Traceback (most recent call last):
  File "/Users/youngwild/Dev/jingyuan/dockingVina/task_worker.py", line 67, in main_loop
    process_generate(task)
  File "/Users/youngwild/Dev/jingyuan/dockingVina/task_worker.py", line 24, in process_generate
    res = run_generate_runner(
  File "/Users/youngwild/Dev/jingyuan/dockingVina/utils/tools.py", line 57, in run_generate_runner
    runner = GenerateRunner(opt)
  File "/Users/youngwild/Dev/jingyuan/dockingVina/utils/generate.py", line 58, in __init__
    with open(os.path.join(opt.vocab_path, 'vocab.pkl'), "rb") as input_file:
FileNotFoundError: [Errno 2] No such file or directory: './resource/vocab.pkl'
11:03:25: task_worker.process_generate +16: INFO     Start generate task 30c4a1f81c3d40ec940a87efb2ff7ce5
11:03:25: task_worker.main_loop +72: ERROR    Task 30c4a1f81c3d40ec940a87efb2ff7ce5 failed
Traceback (most recent call last):
  File "/Users/youngwild/Dev/jingyuan/dockingVina/task_worker.py", line 67, in main_loop
    process_generate(task)
  File "/Users/youngwild/Dev/jingyuan/dockingVina/task_worker.py", line 24, in process_generate
    res = run_generate_runner(
  File "/Users/youngwild/Dev/jingyuan/dockingVina/utils/tools.py", line 57, in run_generate_runner
    runner = GenerateRunner(opt)
  File "/Users/youngwild/Dev/jingyuan/dockingVina/utils/generate.py", line 58, in __init__
    with open(os.path.join(opt.vocab_path, 'vocab.pkl'), "rb") as input_file:
FileNotFoundError: [Errno 2] No such file or directory: './resource/vocab.pkl'
11:04:56: task_worker.process_generate +16: INFO     Start generate task f358c20bb4424349b6765405c17d44e7
11:04:56: task_worker.main_loop +72: ERROR    Task f358c20bb4424349b6765405c17d44e7 failed
Traceback (most recent call last):
  File "/Users/youngwild/Dev/jingyuan/dockingVina/task_worker.py", line 67, in main_loop
    process_generate(task)
  File "/Users/youngwild/Dev/jingyuan/dockingVina/task_worker.py", line 24, in process_generate
    res = run_generate_runner(
  File "/Users/youngwild/Dev/jingyuan/dockingVina/utils/tools.py", line 57, in run_generate_runner
    runner = GenerateRunner(opt)
  File "/Users/youngwild/Dev/jingyuan/dockingVina/utils/generate.py", line 58, in __init__
    with open(os.path.join(opt.vocab_path, 'vocab.pkl'), "rb") as input_file:
FileNotFoundError: [Errno 2] No such file or directory: './resource/vocab.pkl'
11:10:25: task_worker.process_generate +16: INFO     Start generate task f9833acb9b2841db8045521227e96428
11:10:27: task_worker.process_generate +35: INFO     Finished generate task f9833acb9b2841db8045521227e96428
21:17:01: task_worker.process_docking +39: INFO     Start docking task 7a9fae4197cb4e568b315ce2db53fade
21:17:56: task_worker.process_docking +53: INFO     Finished docking task 7a9fae4197cb4e568b315ce2db53fade
21:29:07: task_worker.process_docking +39: INFO     Start docking task 4ea870416c444d48801f4fe2648b3598
21:29:36: task_worker.process_docking +53: INFO     Finished docking task 4ea870416c444d48801f4fe2648b3598
21:30:42: task_worker.process_docking +39: INFO     Start docking task d49e8ad56d7c4d49993368e3c63368aa
21:31:19: task_worker.process_docking +53: INFO     Finished docking task d49e8ad56d7c4d49993368e3c63368aa
21:31:55: task_worker.process_docking +39: INFO     Start docking task 9e084910ca4d452cbea270be48e7b74a
21:32:40: task_worker.process_docking +53: INFO     Finished docking task 9e084910ca4d452cbea270be48e7b74a
04:14:54: task_worker.process_docking +39: INFO     Start docking task fb0a5bdd86bf401e8d56247eacb2ad77
04:15:59: task_worker.process_docking +53: INFO     Finished docking task fb0a5bdd86bf401e8d56247eacb2ad77
15:25:32: task_worker.process_docking +39: INFO     Start docking task c8ca19da49cf4e7b82da260289a8a1af
15:26:16: task_worker.process_docking +53: INFO     Finished docking task c8ca19da49cf4e7b82da260289a8a1af
15:43:09: task_worker.process_docking +39: INFO     Start docking task 060bf52689c84e38a34883dd7ee57133
15:44:01: task_worker.process_docking +53: INFO     Finished docking task 060bf52689c84e38a34883dd7ee57133
15:49:53: task_worker.process_docking +39: INFO     Start docking task 54ede71aeee24a1e89b0b54b52e4b77c
15:50:31: task_worker.process_docking +53: INFO     Finished docking task 54ede71aeee24a1e89b0b54b52e4b77c
15:58:03: task_worker.process_docking +39: INFO     Start docking task ba1a9aa5b7084ae9b88140166adb6136
16:09:27: task_worker.process_docking +39: INFO     Start docking task 59e8a3f5dada4a7ca555feebe5caa1ed
16:10:12: task_worker.process_docking +53: INFO     Finished docking task 59e8a3f5dada4a7ca555feebe5caa1ed
16:21:39: task_worker.process_docking +39: INFO     Start docking task 7560431c51ce420a979bb4d91bc08002
16:22:18: task_worker.process_docking +53: INFO     Finished docking task 7560431c51ce420a979bb4d91bc08002
16:32:31: task_worker.process_docking +39: INFO     Start docking task 7785076349f04ee49ab028d74221ada8
16:33:56: task_worker.process_docking +53: INFO     Finished docking task 7785076349f04ee49ab028d74221ada8
16:41:47: task_worker.process_docking +39: INFO     Start docking task d239003a1d4c4cabaf51ed1e7ed84ec2
16:42:36: task_worker.process_docking +53: INFO     Finished docking task d239003a1d4c4cabaf51ed1e7ed84ec2
16:47:08: task_worker.process_docking +39: INFO     Start docking task 9e120d1760004435aa1636d5729f552c
16:48:12: task_worker.process_docking +53: INFO     Finished docking task 9e120d1760004435aa1636d5729f552c
16:51:24: task_worker.process_docking +39: INFO     Start docking task 217ecf5102064de2a05e0e3e477c8f4e
16:52:16: task_worker.process_docking +53: INFO     Finished docking task 217ecf5102064de2a05e0e3e477c8f4e
16:52:47: task_worker.process_docking +39: INFO     Start docking task d61b5a6d12cc4d349b2c4fcb50d6d58b
16:53:25: task_worker.process_docking +53: INFO     Finished docking task d61b5a6d12cc4d349b2c4fcb50d6d58b
16:55:16: task_worker.process_docking +39: INFO     Start docking task a8b40993a7044c6d9aa9a098bad8a691
16:55:59: task_worker.process_docking +53: INFO     Finished docking task a8b40993a7044c6d9aa9a098bad8a691
16:58:10: task_worker.process_docking +39: INFO     Start docking task f258de3249d74e37b1cb738e8b13ec94
16:59:06: task_worker.process_docking +53: INFO     Finished docking task f258de3249d74e37b1cb738e8b13ec94
17:02:17: task_worker.process_docking +39: INFO     Start docking task 44f79d7113bc407dac38ef1c9cf97523
17:02:56: task_worker.process_docking +53: INFO     Finished docking task 44f79d7113bc407dac38ef1c9cf97523
19:04:13: task_worker.process_docking +39: INFO     Start docking task 073be9f154e14979a3553345fbf25a95
19:04:58: task_worker.process_docking +53: INFO     Finished docking task 073be9f154e14979a3553345fbf25a95
16:09:06: task_worker.process_docking +39: INFO     Start docking task 9839272c7da1454eb8d48430b7f1e5b3
16:09:46: task_worker.main_loop +72: ERROR    Task 9839272c7da1454eb8d48430b7f1e5b3 failed
Traceback (most recent call last):
  File "/Users/youngwild/Dev/jingyuan/dockingVina/task_worker.py", line 69, in main_loop
    process_docking(task)
  File "/Users/youngwild/Dev/jingyuan/dockingVina/task_worker.py", line 43, in process_docking
    run_dir = vina_docking_from_list(
  File "/Users/youngwild/Dev/jingyuan/dockingVina/Vina/vina_workflow.py", line 281, in vina_docking_from_list
    if len(csv_paths) == 0:
RuntimeError: 未发现任何 docked/*.csv，说明 docking 或 pdbqt2sdf 步骤出错。
16:19:43: task_worker.process_docking +39: INFO     Start docking task 7434293dadda427ea8b42db2d78fcd46
16:20:17: task_worker.process_docking +53: INFO     Finished docking task 7434293dadda427ea8b42db2d78fcd46
16:28:37: task_worker.process_docking +39: INFO     Start docking task 3608f59c6a5348d9942c3296e3f8f800
16:29:06: task_worker.process_docking +53: INFO     Finished docking task 3608f59c6a5348d9942c3296e3f8f800
16:46:34: task_worker.process_docking +39: INFO     Start docking task 986d1ac5a8ce4944a72599a7c1964fbc
16:47:01: task_worker.process_docking +53: INFO     Finished docking task 986d1ac5a8ce4944a72599a7c1964fbc
16:50:02: task_worker.process_docking +39: INFO     Start docking task 1a1b71a5084b45148880c2455fd20c65
16:50:41: task_worker.process_docking +53: INFO     Finished docking task 1a1b71a5084b45148880c2455fd20c65
17:10:12: task_worker.process_docking +39: INFO     Start docking task 7f25eeba3f4845379fdd4d0369eb0a86
17:11:02: task_worker.process_docking +53: INFO     Finished docking task 7f25eeba3f4845379fdd4d0369eb0a86
17:33:00: task_worker.process_docking +39: INFO     Start docking task b68c1731f4ed486f90ce8def0d3d0938
17:33:43: task_worker.process_docking +53: INFO     Finished docking task b68c1731f4ed486f90ce8def0d3d0938
17:39:14: task_worker.process_docking +39: INFO     Start docking task acdd2d10a2db45ff8d4f60a663f04ac2
17:39:49: task_worker.process_docking +53: INFO     Finished docking task acdd2d10a2db45ff8d4f60a663f04ac2
17:45:20: task_worker.process_docking +39: INFO     Start docking task 93996916dfe249429c8fa6d55d80f5ac
17:45:57: task_worker.process_docking +53: INFO     Finished docking task 93996916dfe249429c8fa6d55d80f5ac
17:51:33: task_worker.process_docking +39: INFO     Start docking task 00d2e04543ec4eb1b18fd9a2bf475262
17:52:30: task_worker.process_docking +53: INFO     Finished docking task 00d2e04543ec4eb1b18fd9a2bf475262
17:55:41: task_worker.process_docking +39: INFO     Start docking task 96236e255bdf4af5a8891ae67c9c1bf9
17:56:18: task_worker.process_docking +53: INFO     Finished docking task 96236e255bdf4af5a8891ae67c9c1bf9
18:07:25: task_worker.process_docking +39: INFO     Start docking task 0e99dc22d6bd41fd9f4bb73a185e6000
18:08:07: task_worker.process_docking +53: INFO     Finished docking task 0e99dc22d6bd41fd9f4bb73a185e6000
18:09:24: task_worker.process_docking +39: INFO     Start docking task 6b539430894845268241ddf71d5dffda
18:09:59: task_worker.process_docking +53: INFO     Finished docking task 6b539430894845268241ddf71d5dffda
18:16:26: task_worker.process_docking +39: INFO     Start docking task 79939ef5331445149ba6fdfccb1a86e2
18:17:05: task_worker.process_docking +53: INFO     Finished docking task 79939ef5331445149ba6fdfccb1a86e2
18:25:51: task_worker.process_docking +39: INFO     Start docking task d974dfac38904c6dab3d35159c1ab75c
18:26:36: task_worker.process_docking +53: INFO     Finished docking task d974dfac38904c6dab3d35159c1ab75c
18:39:23: task_worker.process_docking +39: INFO     Start docking task eb444d51ff9d4445830824db8831ab69
18:40:07: task_worker.process_docking +53: INFO     Finished docking task eb444d51ff9d4445830824db8831ab69
18:46:28: task_worker.process_docking +39: INFO     Start docking task bc24d61ba85e4a8ab90dfa781fcff14c
18:47:09: task_worker.process_docking +53: INFO     Finished docking task bc24d61ba85e4a8ab90dfa781fcff14c
18:52:40: task_worker.process_docking +39: INFO     Start docking task e5a3360324254b17a18a05e84e040990
18:53:19: task_worker.process_docking +53: INFO     Finished docking task e5a3360324254b17a18a05e84e040990
18:56:50: task_worker.process_docking +39: INFO     Start docking task 1b40d6f0d6c54eab8b4b3f45a88d9aa4
18:57:19: task_worker.process_docking +53: INFO     Finished docking task 1b40d6f0d6c54eab8b4b3f45a88d9aa4
19:00:00: task_worker.process_docking +39: INFO     Start docking task ca4b69b69f6d4d32b310e476eb1ea969
19:00:37: task_worker.process_docking +53: INFO     Finished docking task ca4b69b69f6d4d32b310e476eb1ea969
19:04:28: task_worker.process_docking +39: INFO     Start docking task 6307f28e579d456a880b0ff063c5572e
19:05:07: task_worker.process_docking +53: INFO     Finished docking task 6307f28e579d456a880b0ff063c5572e
19:16:24: task_worker.process_docking +39: INFO     Start docking task d856f87ef260419bba2e013f19a4e59d
19:17:06: task_worker.process_docking +53: INFO     Finished docking task d856f87ef260419bba2e013f19a4e59d
19:17:57: task_worker.process_docking +39: INFO     Start docking task 597fe0372a37427bb39f7920597f3837
19:18:10: task_worker.process_docking +53: INFO     Finished docking task 597fe0372a37427bb39f7920597f3837
19:24:06: task_worker.process_docking +39: INFO     Start docking task 4d35782263ff4d96a042c1d798a0a9b0
19:24:43: task_worker.process_docking +53: INFO     Finished docking task 4d35782263ff4d96a042c1d798a0a9b0
19:25:49: task_worker.process_docking +39: INFO     Start docking task 270da86af6b645a19f9954a70f025403
19:26:44: task_worker.process_docking +53: INFO     Finished docking task 270da86af6b645a19f9954a70f025403
20:44:04: task_worker.process_generate +16: INFO     Start generate task 68cc4bc6cca844fe8b068fda7b2c51d2
20:44:06: task_worker.process_generate +35: INFO     Finished generate task 68cc4bc6cca844fe8b068fda7b2c51d2
20:49:17: task_worker.process_docking +39: INFO     Start docking task 564d693571ee48d9be3ec550eb8b585e
20:49:27: task_worker.main_loop +72: ERROR    Task 564d693571ee48d9be3ec550eb8b585e failed
Traceback (most recent call last):
  File "/Users/youngwild/Dev/jingyuan/dockingVina/task_worker.py", line 69, in main_loop
    process_docking(task)
  File "/Users/youngwild/Dev/jingyuan/dockingVina/task_worker.py", line 43, in process_docking
    run_dir = vina_docking_from_list(
  File "/Users/youngwild/Dev/jingyuan/dockingVina/Vina/vina_workflow.py", line 270, in vina_docking_from_list
    raise RuntimeError(f"在 {parent_path}/pdbqts 下未发现任何 .pdbqt 文件，可能生成步骤失败。")
RuntimeError: 在 /Users/youngwild/Dev/jingyuan/dockingVina/uploads/8bccfd71-cbce-4732-98f9-7859433a1427/32b9888bd3eb4c7e9a6e5728b398a020/pdbqts 下未发现任何 .pdbqt 文件，可能生成步骤失败。
20:55:47: task_worker.process_docking +39: INFO     Start docking task 34be3130eda14706a096b2df3d81dfd5
20:56:09: task_worker.process_docking +53: INFO     Finished docking task 34be3130eda14706a096b2df3d81dfd5
21:01:35: task_worker.process_docking +39: INFO     Start docking task e50c88a0c6034a1dad55faed23af37b4
21:01:45: task_worker.main_loop +72: ERROR    Task e50c88a0c6034a1dad55faed23af37b4 failed
Traceback (most recent call last):
  File "/Users/youngwild/Dev/jingyuan/dockingVina/task_worker.py", line 69, in main_loop
    process_docking(task)
  File "/Users/youngwild/Dev/jingyuan/dockingVina/task_worker.py", line 43, in process_docking
    run_dir = vina_docking_from_list(
  File "/Users/youngwild/Dev/jingyuan/dockingVina/Vina/vina_workflow.py", line 270, in vina_docking_from_list
    raise RuntimeError(f"在 {parent_path}/pdbqts 下未发现任何 .pdbqt 文件，可能生成步骤失败。")
RuntimeError: 在 /Users/youngwild/Dev/jingyuan/dockingVina/uploads/8bccfd71-cbce-4732-98f9-7859433a1427/c0ab46efd5694a589b4ab3daebc1ed45/pdbqts 下未发现任何 .pdbqt 文件，可能生成步骤失败。
21:03:11: task_worker.process_docking +39: INFO     Start docking task 2d2a5943fe794ee6afe5eeee63c35531
21:04:06: task_worker.process_docking +53: INFO     Finished docking task 2d2a5943fe794ee6afe5eeee63c35531
21:10:33: task_worker.process_docking +39: INFO     Start docking task 09fad51cea044511941004f600076710
21:10:57: task_worker.process_docking +53: INFO     Finished docking task 09fad51cea044511941004f600076710
21:15:44: task_worker.process_docking +39: INFO     Start docking task b42da9c0cf794abbb20c02a812b0a041
21:16:08: task_worker.process_docking +53: INFO     Finished docking task b42da9c0cf794abbb20c02a812b0a041
21:29:50: task_worker.process_docking +39: INFO     Start docking task 6681d93a1d2a4bbf858765bc8e58b2f5
21:32:35: task_worker.process_docking +53: INFO     Finished docking task 6681d93a1d2a4bbf858765bc8e58b2f5
