2025-08-31 22:47:34,336 - INFO - 🧬 开始Peptide优化完整工作流程
2025-08-31 22:47:34,336 - INFO - ============================================================
2025-08-31 22:47:34,336 - INFO - 正在登录...
2025-08-31 22:47:34,516 - INFO - ✅ 登录成功
2025-08-31 22:47:34,516 - INFO - 正在上传PDB文件: ../test/5ffg.pdb
2025-08-31 22:47:34,531 - INFO - ✅ 文件上传成功: ['5ffg.pdb']
2025-08-31 22:47:34,531 - INFO - 正在创建肽段优化任务...
2025-08-31 22:47:34,531 - INFO - 任务参数:
2025-08-31 22:47:34,531 - INFO -   - 肽段序列: MKFLVNVAL
2025-08-31 22:47:34,531 - INFO -   - 受体文件: 5ffg.pdb
2025-08-31 22:47:34,531 - INFO -   - CPU核心数: 4
2025-08-31 22:47:34,531 - INFO -   - 清理中间文件: False
2025-08-31 22:47:34,531 - INFO -   - 指定步骤: 完整流程
2025-08-31 22:47:34,531 - INFO -   - ProteinMPNN: True
2025-08-31 22:47:34,531 - INFO -   - 对接构象数: 10
2025-08-31 22:47:34,548 - INFO - ✅ 任务创建成功！任务ID: 05277cac9ac6493f91f3b109915bcd4b
2025-08-31 22:47:34,548 - INFO - 📂 任务目录: /home/davis/projects/AstraMolecula/dockingVina/jobs/peptide_optimization/dd9d4348152043a4a540e9a2e650d3b6
2025-08-31 22:47:34,548 - INFO - 📊 任务状态: pending
2025-08-31 22:47:34,548 - INFO - 开始监控任务进度 (最大等待 60 分钟)
2025-08-31 22:47:34,550 - INFO - ⏱️  [0.0分钟] 任务状态: pending
2025-08-31 22:48:04,562 - INFO - ⏱️  [0.5分钟] 任务状态: failed
2025-08-31 22:48:04,562 - ERROR - ❌ 任务失败！
2025-08-31 22:48:04,562 - INFO - 正在获取任务结果...
2025-08-31 22:48:04,565 - INFO - 📋 最终任务信息:
2025-08-31 22:48:04,565 - INFO - {
  "id": "05277cac9ac6493f91f3b109915bcd4b",
  "user_id": "a64f2491-45ec-40bb-9c6f-a4357a20629d",
  "task_type": "peptide_optimization",
  "job_dir": "/home/davis/projects/AstraMolecula/dockingVina/jobs/peptide_optimization/dd9d4348152043a4a540e9a2e650d3b6",
  "status": "failed",
  "created_at": "2025-08-31T14:47:35",
  "started_at": "2025-08-31T22:47:45",
  "finished_at": "2025-08-31T22:47:59",
  "updated_at": null
}
2025-08-31 22:48:04,565 - INFO - 
📂 任务文件位置:
2025-08-31 22:48:04,565 - INFO -    - 任务目录: /home/davis/projects/AstraMolecula/dockingVina/jobs/peptide_optimization/dd9d4348152043a4a540e9a2e650d3b6
2025-08-31 22:48:04,565 - INFO -    - 输出目录: /home/davis/projects/AstraMolecula/dockingVina/jobs/peptide_optimization/dd9d4348152043a4a540e9a2e650d3b6/output/
2025-08-31 22:48:04,565 - INFO -    - 结果文件: /home/davis/projects/AstraMolecula/dockingVina/jobs/peptide_optimization/dd9d4348152043a4a540e9a2e650d3b6/output/result.csv
2025-08-31 22:48:04,567 - INFO - 
⚙️  任务配置:
2025-08-31 22:48:04,567 - INFO - {
  "cores": 4,
  "cleanup": false,
  "proteinmpnn_enabled": true,
  "n_poses": 10,
  "num_seq_per_target": 10,
  "proteinmpnn_seed": 37,
  "peptide_sequence": "MKFLVNVAL",
  "receptor_pdb_filename": "5ffg.pdb"
}
2025-08-31 22:48:04,568 - WARNING - 
⚠️  工作流程未完全完成，但任务已创建
2025-08-31 22:48:04,568 - INFO - 
💡 任务ID: 05277cac9ac6493f91f3b109915bcd4b
2025-08-31 22:48:04,568 - INFO - 💡 你可以继续手动检查任务状态和结果文件
2025-08-31 23:02:04,835 - INFO - 🧬 开始Peptide优化完整工作流程
2025-08-31 23:02:04,836 - INFO - ============================================================
2025-08-31 23:02:04,836 - INFO - 正在登录...
2025-08-31 23:02:05,008 - INFO - ✅ 登录成功
2025-08-31 23:02:05,008 - INFO - 正在上传PDB文件: ../test/5ffg.pdb
2025-08-31 23:02:05,022 - INFO - ✅ 文件上传成功: ['5ffg.pdb']
2025-08-31 23:02:05,022 - INFO - 正在创建肽段优化任务...
2025-08-31 23:02:05,022 - INFO - 任务参数:
2025-08-31 23:02:05,022 - INFO -   - 肽段序列: MKFLVNVAL
2025-08-31 23:02:05,022 - INFO -   - 受体文件: 5ffg.pdb
2025-08-31 23:02:05,022 - INFO -   - CPU核心数: 4
2025-08-31 23:02:05,022 - INFO -   - 清理中间文件: False
2025-08-31 23:02:05,022 - INFO -   - 指定步骤: 完整流程
2025-08-31 23:02:05,022 - INFO -   - ProteinMPNN: True
2025-08-31 23:02:05,022 - INFO -   - 对接构象数: 10
2025-08-31 23:02:05,022 - INFO -   - 优化迭代次数: 3
2025-08-31 23:02:05,022 - INFO -   - Rosetta运行次数: 10
2025-08-31 23:02:05,047 - INFO - ✅ 任务创建成功！任务ID: 5c9fb8da7c1d4f3087197fe6f08188b7
2025-08-31 23:02:05,047 - INFO - 📂 任务目录: /home/davis/projects/AstraMolecula/dockingVina/jobs/peptide_optimization/6e7e4789324846c9ada64b204b5d8e30
2025-08-31 23:02:05,047 - INFO - 📊 任务状态: pending
2025-08-31 23:02:05,047 - INFO - 开始监控任务进度 (最大等待 60 分钟)
2025-08-31 23:02:05,050 - INFO - ⏱️  [0.0分钟] 任务状态: pending
2025-08-31 23:02:35,089 - INFO - ⏱️  [0.5分钟] 任务状态: pending
2025-08-31 23:03:05,129 - INFO - ⏱️  [1.0分钟] 任务状态: pending
2025-08-31 23:03:35,163 - INFO - ⏱️  [1.5分钟] 任务状态: running
2025-08-31 23:04:05,207 - INFO - ⏱️  [2.0分钟] 任务状态: failed
2025-08-31 23:04:05,207 - ERROR - ❌ 任务失败！
2025-08-31 23:04:05,207 - INFO - 正在获取任务结果...
2025-08-31 23:04:05,213 - INFO - 📋 最终任务信息:
2025-08-31 23:04:05,213 - INFO - {
  "id": "5c9fb8da7c1d4f3087197fe6f08188b7",
  "user_id": "a64f2491-45ec-40bb-9c6f-a4357a20629d",
  "task_type": "peptide_optimization",
  "job_dir": "/home/davis/projects/AstraMolecula/dockingVina/jobs/peptide_optimization/6e7e4789324846c9ada64b204b5d8e30",
  "status": "failed",
  "created_at": "2025-08-31T15:02:05",
  "started_at": "2025-08-31T23:03:24",
  "finished_at": "2025-08-31T23:03:37",
  "updated_at": null
}
2025-08-31 23:04:05,213 - INFO - 
📂 任务文件位置:
2025-08-31 23:04:05,213 - INFO -    - 任务目录: /home/davis/projects/AstraMolecula/dockingVina/jobs/peptide_optimization/6e7e4789324846c9ada64b204b5d8e30
2025-08-31 23:04:05,213 - INFO -    - 输出目录: /home/davis/projects/AstraMolecula/dockingVina/jobs/peptide_optimization/6e7e4789324846c9ada64b204b5d8e30/output/
2025-08-31 23:04:05,213 - INFO -    - 结果文件: /home/davis/projects/AstraMolecula/dockingVina/jobs/peptide_optimization/6e7e4789324846c9ada64b204b5d8e30/output/result.csv
2025-08-31 23:04:05,216 - INFO - 
⚙️  任务配置:
2025-08-31 23:04:05,216 - INFO - {
  "cores": 4,
  "cleanup": false,
  "proteinmpnn_enabled": true,
  "n_poses": 10,
  "num_seq_per_target": 10,
  "proteinmpnn_seed": 37,
  "n_iterations": 3,
  "n_rosetta_runs": 10,
  "peptide_sequence": "MKFLVNVAL",
  "receptor_pdb_filename": "5ffg.pdb"
}
2025-08-31 23:04:05,216 - WARNING - 
⚠️  工作流程未完全完成，但任务已创建
2025-08-31 23:04:05,216 - INFO - 
💡 任务ID: 5c9fb8da7c1d4f3087197fe6f08188b7
2025-08-31 23:04:05,216 - INFO - 💡 你可以继续手动检查任务状态和结果文件
